<?xml version="1.0" encoding="UTF-8"?>
<!-- Generated by org.testng.reporters.JUnitReportReporter -->
<testsuite hostname="DESKTOP-3FEVTCJ" failures="0" tests="4" name="api.test.Usertests" time="14.997" errors="0" timestamp="2023-12-11T11:02:58 IST" skipped="0">
  <testcase classname="api.test.Usertests" name="testPostuser" time="5.905"/>
  <testcase classname="api.test.Usertests" name="testgetuser" time="1.549"/>
  <testcase classname="api.test.Usertests" name="testupdateuser" time="3.778"/>
  <testcase classname="api.test.Usertests" name="testdeleteuser" time="3.765"/>
</testsuite> <!-- api.test.Usertests -->
