<?xml version="1.0" encoding="UTF-8"?>
<!-- Generated by org.testng.reporters.JUnitReportReporter -->
<testsuite hostname="DESKTOP-3FEVTCJ" failures="0" tests="4" name="api.test.Usertest" time="11.933" errors="0" timestamp="2023-12-11T12:19:16 IST" skipped="0">
  <testcase classname="api.test.Usertest" name="testPostuser" time="5.402"/>
  <testcase classname="api.test.Usertest" name="testgetuser" time="1.684"/>
  <testcase classname="api.test.Usertest" name="testupdateuser" time="3.255"/>
  <testcase classname="api.test.Usertest" name="testdeleteuser" time="1.592"/>
</testsuite> <!-- api.test.Usertest -->
