<?xml version="1.0" encoding="UTF-8"?>
<!-- Generated by org.testng.reporters.JUnitReportReporter -->
<testsuite hostname="DESKTOP-3FEVTCJ" failures="0" tests="4" name="api.test.Usertest" time="11.730" errors="0" timestamp="2023-12-11T13:06:29 IST" skipped="0">
  <testcase classname="api.test.Usertest" name="testPostuser" time="5.367"/>
  <testcase classname="api.test.Usertest" name="testgetuser" time="1.602"/>
  <testcase classname="api.test.Usertest" name="testupdateuser" time="3.071"/>
  <testcase classname="api.test.Usertest" name="testdeleteuser" time="1.690"/>
</testsuite> <!-- api.test.Usertest -->
